  main.cpp
C:\Users\48604\source\repos\MyContainer\MyVector.hpp(93,24): warning C4018: '>': signed/unsigned mismatch
  (compiling source file 'main.cpp')
      C:\Users\48604\source\repos\MyContainer\MyVector.hpp(93,24):
      the template instantiation context (the oldest one first) is
          C:\Users\48604\source\repos\MyContainer\main.cpp(17,6):
          see reference to function template instantiation 'void MyVector<int>::insert<std::_Array_iterator<_Ty,2>>(T *,InputIt,InputIt)' being compiled
          with
          [
              _Ty=int,
              T=int,
              InputIt=std::_Array_iterator<int,2>
          ]
              C:\Users\48604\source\repos\MyContainer\main.cpp(17,12):
              see the first reference to 'MyVector<int>::insert' in 'main'
  
C:\Users\48604\source\repos\MyContainer\MyVector.hpp(99,14): warning C4018: '<': signed/unsigned mismatch
  (compiling source file 'main.cpp')
  
  MyContainer.vcxproj -> C:\Users\48604\source\repos\MyContainer\x64\Debug\MyContainer.exe
  'pwsh.exe' is not recognized as an internal or external command,
  operable program or batch file.
